"../../../Engine/Content/EditorResources/S_Actor.ubulk" 0
"../../../Engine/Content/EditorResources/S_Actor.uasset" 1
"../../../Engine/Content/EditorResources/S_Actor.uexp" 2
"../../../Engine/Content/EditorResources/S_BoxReflectionCapture.uasset" 3
"../../../Engine/Content/EditorResources/S_BoxReflectionCapture.uexp" 4
"../../../Engine/Content/EngineResources/DefaultTexture.ubulk" 5
"../../../Engine/Content/EngineResources/DefaultTexture.uasset" 6
"../../../Engine/Content/EngineResources/DefaultTexture.uexp" 7
"../../../Engine/Content/EngineResources/DefaultTextureCube.uasset" 8
"../../../Engine/Content/EngineResources/DefaultTextureCube.uexp" 9
"../../../Engine/Content/EngineResources/DefaultVolumeTexture2D.uasset" 10
"../../../Engine/Content/EngineResources/DefaultVolumeTexture2D.uexp" 11
"../../../Engine/Content/EngineResources/DefaultVolumeTexture.uasset" 12
"../../../Engine/Content/EngineResources/DefaultVolumeTexture.uexp" 13
"../../../Engine/Content/EditorResources/S_Trigger.ubulk" 14
"../../../Engine/Content/EditorResources/S_Trigger.uasset" 15
"../../../Engine/Content/EditorResources/S_Trigger.uexp" 16
"../../../Engine/Content/EditorResources/S_TriggerBox.uasset" 17
"../../../Engine/Content/EditorResources/S_TriggerBox.uexp" 18
"../../../Engine/Content/EditorResources/S_TriggerCapsule.uasset" 19
"../../../Engine/Content/EditorResources/S_TriggerCapsule.uexp" 20
"../../../Engine/Content/EditorResources/S_TriggerSphere.uasset" 21
"../../../Engine/Content/EditorResources/S_TriggerSphere.uexp" 22
"../../../Engine/Content/EngineMeshes/Sphere.uasset" 23
"../../../Engine/Content/EngineMeshes/Sphere.uexp" 24
"../../../Engine/Content/EngineResources/GradientTexture0.uasset" 25
"../../../Engine/Content/EngineResources/GradientTexture0.uexp" 26
"../../../Engine/Content/EngineResources/Black.uasset" 27
"../../../Engine/Content/EngineResources/Black.uexp" 28
"../../../Engine/Content/VREditor/LaserPointer/VR_LaserPower_01.ubulk" 29
"../../../Engine/Content/VREditor/LaserPointer/VR_LaserPower_01.uasset" 30
"../../../Engine/Content/VREditor/LaserPointer/VR_LaserPower_01.uexp" 31
"../../../Engine/Content/VREditor/TransformGizmo/TransformGizmoMaterial.uasset" 32
"../../../Engine/Content/VREditor/TransformGizmo/TransformGizmoMaterial.uexp" 33
"../../../Engine/Content/VREditor/TransformGizmo/TranslucentTransformGizmoMaterial.uasset" 34
"../../../Engine/Content/VREditor/TransformGizmo/TranslucentTransformGizmoMaterial.uexp" 35
"../../../Engine/Content/VREditor/TransformGizmo/PlaneTranslationHandle.uasset" 36
"../../../Engine/Content/VREditor/TransformGizmo/PlaneTranslationHandle.uexp" 37
"../../../Engine/Content/VREditor/TransformGizmo/BoundingBoxCorner.uasset" 38
"../../../Engine/Content/VREditor/TransformGizmo/BoundingBoxCorner.uexp" 39
"../../../Engine/Content/VREditor/TransformGizmo/BoundingBoxEdge.uasset" 40
"../../../Engine/Content/VREditor/TransformGizmo/BoundingBoxEdge.uexp" 41
"../../../Engine/Content/VREditor/TransformGizmo/Main.uasset" 42
"../../../Engine/Content/VREditor/TransformGizmo/Main.uexp" 43
"../../../Engine/Content/VREditor/TransformGizmo/Xray.uasset" 44
"../../../Engine/Content/VREditor/TransformGizmo/Xray.uexp" 45
"../../../Engine/Content/VREditor/TransformGizmo/SM_Sequencer_Node.uasset" 46
"../../../Engine/Content/VREditor/TransformGizmo/SM_Sequencer_Node.uexp" 47
"../../../Engine/Content/EditorMaterials/Camera/CineMat.uasset" 48
"../../../Engine/Content/EditorMaterials/Camera/CineMat.uexp" 49
"../../../Engine/Content/EditorMaterials/Camera/MI_CineMat_Rig.uasset" 50
"../../../Engine/Content/EditorMaterials/Camera/MI_CineMat_Rig.uexp" 51
"../../../Engine/Content/EditorMeshes/Camera/SM_CraneRig_Base.uasset" 52
"../../../Engine/Content/EditorMeshes/Camera/SM_CraneRig_Base.uexp" 53
"../../../Engine/Content/EditorMeshes/Camera/SM_CraneRig_Arm.uasset" 54
"../../../Engine/Content/EditorMeshes/Camera/SM_CraneRig_Arm.uexp" 55
"../../../Engine/Content/EditorMeshes/Camera/SM_CraneRig_Mount.uasset" 56
"../../../Engine/Content/EditorMeshes/Camera/SM_CraneRig_Mount.uexp" 57
"../../../Engine/Content/EditorMeshes/Camera/SM_CraneRig_Body.uasset" 58
"../../../Engine/Content/EditorMeshes/Camera/SM_CraneRig_Body.uexp" 59
"../../../Engine/Content/EditorMeshes/Camera/SM_RailRig_Track.uasset" 60
"../../../Engine/Content/EditorMeshes/Camera/SM_RailRig_Track.uexp" 61
"../../../Engine/Content/EditorMeshes/Camera/SM_RailRig_Mount.uasset" 62
"../../../Engine/Content/EditorMeshes/Camera/SM_RailRig_Mount.uexp" 63
"../../../Engine/Content/EngineMaterials/T_Default_Material_Grid_M.ubulk" 64
"../../../Engine/Content/EngineMaterials/T_Default_Material_Grid_M.uasset" 65
"../../../Engine/Content/EngineMaterials/T_Default_Material_Grid_M.uexp" 66
"../../../Engine/Content/EngineMaterials/T_Default_Material_Grid_N.ubulk" 67
"../../../Engine/Content/EngineMaterials/T_Default_Material_Grid_N.uasset" 68
"../../../Engine/Content/EngineMaterials/T_Default_Material_Grid_N.uexp" 69
"../../../Engine/Content/Functions/Engine_MaterialFunctions01/Opacity/CameraDepthFade.uasset" 70
"../../../Engine/Content/Functions/Engine_MaterialFunctions01/Opacity/CameraDepthFade.uexp" 71
"../../../Engine/Content/EngineMaterials/WorldGridMaterial.uasset" 72
"../../../Engine/Content/EngineMaterials/WorldGridMaterial.uexp" 73
"../../../Engine/Content/ArtTools/RenderToTexture/Meshes/S_1_Unit_Plane.uasset" 74
"../../../Engine/Content/ArtTools/RenderToTexture/Meshes/S_1_Unit_Plane.uexp" 75
"../../../Engine/Content/EditorMaterials/ParticleSystems/PSysThumbnail_NoImage.ubulk" 76
"../../../Engine/Content/EditorMaterials/ParticleSystems/PSysThumbnail_NoImage.uasset" 77
"../../../Engine/Content/EditorMaterials/ParticleSystems/PSysThumbnail_NoImage.uexp" 78
"../../../Engine/Content/EditorMaterials/ParticleSystems/PSysThumbnail_OOD.ubulk" 79
"../../../Engine/Content/EditorMaterials/ParticleSystems/PSysThumbnail_OOD.uasset" 80
"../../../Engine/Content/EditorMaterials/ParticleSystems/PSysThumbnail_OOD.uexp" 81
"../../../Engine/Content/EditorLandscapeResources/SplineEditorMeshMat.uasset" 82
"../../../Engine/Content/EditorLandscapeResources/SplineEditorMeshMat.uexp" 83
"../../../Engine/Content/EditorLandscapeResources/SplineEditorMesh.uasset" 84
"../../../Engine/Content/EditorLandscapeResources/SplineEditorMesh.uexp" 85
"../../../Engine/Content/EditorResources/S_Solver.ubulk" 86
"../../../Engine/Content/EditorResources/S_Solver.uasset" 87
"../../../Engine/Content/EditorResources/S_Solver.uexp" 88
"../../../Engine/Plugins/Media/MediaPlate/Content/SM_MediaPlateScreen.uasset" 89
"../../../Engine/Plugins/Media/MediaPlate/Content/SM_MediaPlateScreen.uexp" 90
"../../../Engine/Content/EngineMaterials/DefaultBokeh.uasset" 91
"../../../Engine/Content/EngineMaterials/DefaultBokeh.uexp" 92
"../../../Engine/Content/EngineMaterials/PreintegratedSkinBRDF.uasset" 93
"../../../Engine/Content/EngineMaterials/PreintegratedSkinBRDF.uexp" 94
"../../../Engine/Content/EngineMaterials/MiniFont.uasset" 95
"../../../Engine/Content/EngineMaterials/MiniFont.uexp" 96
"../../../Engine/Content/EngineMaterials/WeightMapPlaceholderTexture.uasset" 97
"../../../Engine/Content/EngineMaterials/WeightMapPlaceholderTexture.uexp" 98
"../../../Engine/Content/EngineMaterials/DefaultWhiteGrid.ubulk" 99
"../../../Engine/Content/EngineMaterials/DefaultWhiteGrid.uasset" 100
"../../../Engine/Content/EngineMaterials/DefaultWhiteGrid.uexp" 101
"../../../Engine/Content/Animation/DefaultRecorderBoneCompression.uasset" 102
"../../../Engine/Content/Animation/DefaultRecorderBoneCompression.uexp" 103
"../../../Engine/Content/Animation/DefaultAnimCurveCompressionSettings.uasset" 104
"../../../Engine/Content/Animation/DefaultAnimCurveCompressionSettings.uexp" 105
"../../../Engine/Content/Animation/DefaultAnimBoneCompressionSettings.uasset" 106
"../../../Engine/Content/Animation/DefaultAnimBoneCompressionSettings.uexp" 107
"../../../Engine/Content/BasicShapes/Plane.uasset" 108
"../../../Engine/Content/BasicShapes/Plane.uexp" 109
"../../../Engine/Content/EngineMaterials/DefaultMaterial.uasset" 110
"../../../Engine/Content/EngineMaterials/DefaultMaterial.uexp" 111
"../../../Engine/Content/BasicShapes/Cylinder.uasset" 112
"../../../Engine/Content/BasicShapes/Cylinder.uexp" 113
"../../../Engine/Content/BasicShapes/Cube.uasset" 114
"../../../Engine/Content/BasicShapes/Cube.uexp" 115
"../../../Engine/Content/BasicShapes/Cone.uasset" 116
"../../../Engine/Content/BasicShapes/Cone.uexp" 117
"../../../Engine/Content/EditorLandscapeResources/DefaultAlphaTexture.uasset" 118
"../../../Engine/Content/EditorLandscapeResources/DefaultAlphaTexture.uexp" 119
"../../../Engine/Content/EditorLandscapeResources/DataLayer.uasset" 120
"../../../Engine/Content/EditorLandscapeResources/DataLayer.uexp" 121
"../../../Engine/Content/EditorMaterials/PreviewShadowIndicator.ubulk" 122
"../../../Engine/Content/EditorMaterials/PreviewShadowIndicator.uasset" 123
"../../../Engine/Content/EditorMaterials/PreviewShadowIndicator.uexp" 124
"../../../Engine/Content/EditorMaterials/PreviewShadowIndicatorMaterial.uasset" 125
"../../../Engine/Content/EditorMaterials/PreviewShadowIndicatorMaterial.uexp" 126
"../../../Engine/Content/EditorMaterials/PhAT_UnselectedMaterial.uasset" 127
"../../../Engine/Content/EditorMaterials/PhAT_UnselectedMaterial.uexp" 128
"../../../Engine/Content/EditorMaterials/PhAT_NoCollisionMaterial.uasset" 129
"../../../Engine/Content/EditorMaterials/PhAT_NoCollisionMaterial.uexp" 130
"../../../Engine/Content/Functions/Engine_MaterialFunctions02/Utility/MakeFloat4.uasset" 131
"../../../Engine/Content/Functions/Engine_MaterialFunctions02/Utility/MakeFloat4.uexp" 132
"../../../Engine/Content/Functions/Engine_MaterialFunctions02/Utility/MakeFloat3.uasset" 133
"../../../Engine/Content/Functions/Engine_MaterialFunctions02/Utility/MakeFloat3.uexp" 134
"../../../Engine/Content/Functions/Engine_MaterialFunctions02/Utility/BreakOutFloat3Components.uasset" 135
"../../../Engine/Content/Functions/Engine_MaterialFunctions02/Utility/BreakOutFloat3Components.uexp" 136
"../../../Engine/Content/EditorMaterials/WorldPartition/WorldPartitionSpatialHashGridPreviewMaterial.uasset" 137
"../../../Engine/Content/EditorMaterials/WorldPartition/WorldPartitionSpatialHashGridPreviewMaterial.uexp" 138
"../../../Engine/Content/EditorResources/S_Terrain.ubulk" 139
"../../../Engine/Content/EditorResources/S_Terrain.uasset" 140
"../../../Engine/Content/EditorResources/S_Terrain.uexp" 141
"../../../Engine/Content/EditorResources/EmptyActor.uasset" 142
"../../../Engine/Content/EditorResources/EmptyActor.uexp" 143
"../../../Engine/Content/EditorResources/BSPVertex.uasset" 144
"../../../Engine/Content/EditorResources/BSPVertex.uexp" 145
"../../../Engine/Content/EditorResources/AudioIcons/S_AudioComponent_AutoActivate.uasset" 146
"../../../Engine/Content/EditorResources/AudioIcons/S_AudioComponent_AutoActivate.uexp" 147
"../../../Engine/Content/EditorResources/SequenceRecorder/RecordingIndicator.uasset" 148
"../../../Engine/Content/EditorResources/SequenceRecorder/RecordingIndicator.uexp" 149
"../../../Engine/Content/EditorResources/SequenceRecorder/Countdown.uasset" 150
"../../../Engine/Content/EditorResources/SequenceRecorder/Countdown.uexp" 151
"../../../Engine/Content/EngineDamageTypes/DmgTypeBP_Environmental.uasset" 152
"../../../Engine/Content/EngineDamageTypes/DmgTypeBP_Environmental.uexp" 153
"../../../Engine/Content/Functions/Engine_MaterialFunctions02/Utility/CameraDirectionVector.uasset" 154
"../../../Engine/Content/Functions/Engine_MaterialFunctions02/Utility/CameraDirectionVector.uexp" 155
"../../../Engine/Content/EngineDebugMaterials/VolumeToRender.uasset" 156
"../../../Engine/Content/EngineDebugMaterials/VolumeToRender.uexp" 157
"../../../Engine/Content/EngineDebugMaterials/M_VolumeRenderSphereTracePP.uasset" 158
"../../../Engine/Content/EngineDebugMaterials/M_VolumeRenderSphereTracePP.uexp" 159
"../../../Engine/Content/EngineDebugMaterials/M_SimpleUnlitTranslucent.uasset" 160
"../../../Engine/Content/EngineDebugMaterials/M_SimpleUnlitTranslucent.uexp" 161
"../../../Engine/Content/EngineDebugMaterials/DebugMeshMaterial.uasset" 162
"../../../Engine/Content/EngineDebugMaterials/DebugMeshMaterial.uexp" 163
"../../../Engine/Content/EngineDebugMaterials/DebugEditorMaterial.uasset" 164
"../../../Engine/Content/EngineDebugMaterials/DebugEditorMaterial.uexp" 165
"../../../Engine/Content/EngineFonts/Faces/RobotoLight.uexp" 166
"../../../Engine/Content/EngineFonts/Faces/RobotoLight.uasset" 167
"../../../Engine/Content/EngineFonts/Faces/RobotoLight.ufont" 168
"../../../Engine/Content/EngineFonts/Faces/RobotoBold.uexp" 169
"../../../Engine/Content/EngineFonts/Faces/RobotoBold.uasset" 170
"../../../Engine/Content/EngineFonts/Faces/RobotoBold.ufont" 171
"../../../Engine/Content/EngineFonts/Faces/RobotoRegular.uexp" 172
"../../../Engine/Content/EngineFonts/Faces/RobotoRegular.uasset" 173
"../../../Engine/Content/EngineFonts/Faces/RobotoRegular.ufont" 174
"../../../Engine/Content/EngineFonts/Faces/DroidSansFallback.uexp" 175
"../../../Engine/Content/EngineFonts/Faces/DroidSansFallback.uasset" 176
"../../../Engine/Content/EngineFonts/Faces/DroidSansFallback.ufont" 177
"../../../Engine/Content/EngineFonts/Faces/RobotoItalic.uexp" 178
"../../../Engine/Content/EngineFonts/Faces/RobotoItalic.uasset" 179
"../../../Engine/Content/EngineFonts/Faces/RobotoItalic.ufont" 180
"../../../Engine/Content/EngineFonts/Faces/RobotoBoldItalic.uexp" 181
"../../../Engine/Content/EngineFonts/Faces/RobotoBoldItalic.uasset" 182
"../../../Engine/Content/EngineFonts/Faces/RobotoBoldItalic.ufont" 183
"../../../Engine/Content/EngineFonts/Roboto.uasset" 184
"../../../Engine/Content/EngineFonts/Roboto.uexp" 185
"../../../Engine/Content/EngineResources/WhiteSquareTexture.uasset" 186
"../../../Engine/Content/EngineResources/WhiteSquareTexture.uexp" 187
"../../../Engine/Content/EngineMaterials/Widget3DPassThrough.uasset" 188
"../../../Engine/Content/EngineMaterials/Widget3DPassThrough.uexp" 189
"../../../Engine/Content/EngineMaterials/Widget3DPassThrough_Translucent.uasset" 190
"../../../Engine/Content/EngineMaterials/Widget3DPassThrough_Translucent.uexp" 191
"../../../Engine/Content/EngineMaterials/Widget3DPassThrough_Translucent_OneSided.uasset" 192
"../../../Engine/Content/EngineMaterials/Widget3DPassThrough_Translucent_OneSided.uexp" 193
"../../../Engine/Content/EngineMaterials/Widget3DPassThrough_Opaque.uasset" 194
"../../../Engine/Content/EngineMaterials/Widget3DPassThrough_Opaque.uexp" 195
"../../../Engine/Content/EngineMaterials/Widget3DPassThrough_Opaque_OneSided.uasset" 196
"../../../Engine/Content/EngineMaterials/Widget3DPassThrough_Opaque_OneSided.uexp" 197
"../../../Engine/Content/EngineMaterials/Widget3DPassThrough_Masked_OneSided.uasset" 198
"../../../Engine/Content/EngineMaterials/Widget3DPassThrough_Masked_OneSided.uexp" 199
"../../../Engine/Content/EngineMaterials/Widget3DPassThrough_Masked.uasset" 200
"../../../Engine/Content/EngineMaterials/Widget3DPassThrough_Masked.uexp" 201
"../../../Engine/Content/EngineMaterials/STBlueNoise_vec2_128x128x64.uasset" 202
"../../../Engine/Content/EngineMaterials/STBlueNoise_vec2_128x128x64.uexp" 203
"../../../Engine/Content/EngineMaterials/STBlueNoise_scalar_128x128x64.uasset" 204
"../../../Engine/Content/EngineMaterials/STBlueNoise_scalar_128x128x64.uexp" 205
"../../../Engine/Content/EngineMaterials/RemoveSurfaceMaterial.uasset" 206
"../../../Engine/Content/EngineMaterials/RemoveSurfaceMaterial.uexp" 207
"../../../Engine/Content/EngineMaterials/DefaultCalibrationGrayscale.uasset" 208
"../../../Engine/Content/EngineMaterials/DefaultCalibrationGrayscale.uexp" 209
"../../../Engine/Content/EngineMaterials/PPM_DefaultCalibrationGrayscale.uasset" 210
"../../../Engine/Content/EngineMaterials/PPM_DefaultCalibrationGrayscale.uexp" 211
"../../../Engine/Content/EngineMaterials/DefaultCalibrationColor.uasset" 212
"../../../Engine/Content/EngineMaterials/DefaultCalibrationColor.uexp" 213
"../../../Engine/Content/EngineMaterials/PPM_DefaultCalibrationColor.uasset" 214
"../../../Engine/Content/EngineMaterials/PPM_DefaultCalibrationColor.uexp" 215
"../../../Engine/Content/Functions/Engine_MaterialFunctions02/WorldPositionOffset/CameraOffset.uasset" 216
"../../../Engine/Content/Functions/Engine_MaterialFunctions02/WorldPositionOffset/CameraOffset.uexp" 217
"../../../Engine/Content/EngineMaterials/PhAT_JointLimitMaterial.uasset" 218
"../../../Engine/Content/EngineMaterials/PhAT_JointLimitMaterial.uexp" 219
"../../../Engine/Content/EngineMaterials/InvalidLightmapSettings.ubulk" 220
"../../../Engine/Content/EngineMaterials/InvalidLightmapSettings.uasset" 221
"../../../Engine/Content/EngineMaterials/InvalidLightmapSettings.uexp" 222
"../../../Engine/Content/EngineMaterials/M_InvalidLightmapSettings.uasset" 223
"../../../Engine/Content/EngineMaterials/M_InvalidLightmapSettings.uexp" 224
"../../../Engine/Content/EngineMaterials/GizmoMaterial.uasset" 225
"../../../Engine/Content/EngineMaterials/GizmoMaterial.uexp" 226
"../../../Engine/Content/EngineMaterials/BaseFlattenEmissiveMap_VT.uasset" 227
"../../../Engine/Content/EngineMaterials/BaseFlattenEmissiveMap_VT.uexp" 228
"../../../Engine/Content/EngineMaterials/BaseFlattenGrayscaleMap_VT.uasset" 229
"../../../Engine/Content/EngineMaterials/BaseFlattenGrayscaleMap_VT.uexp" 230
"../../../Engine/Content/EngineMaterials/BaseFlattenLinearColor_VT.uasset" 231
"../../../Engine/Content/EngineMaterials/BaseFlattenLinearColor_VT.uexp" 232
"../../../Engine/Content/EngineMaterials/Black_1x1_EXR_Texture_VT.uasset" 233
"../../../Engine/Content/EngineMaterials/Black_1x1_EXR_Texture_VT.uexp" 234
"../../../Engine/Content/EngineMaterials/BaseFlattenDiffuseMap_VT.uasset" 235
"../../../Engine/Content/EngineMaterials/BaseFlattenDiffuseMap_VT.uexp" 236
"../../../Engine/Content/EngineMaterials/BaseFlattenNormalMap_VT.uasset" 237
"../../../Engine/Content/EngineMaterials/BaseFlattenNormalMap_VT.uexp" 238
"../../../Engine/Content/EngineMaterials/FlattenMaterial_WS_Normal_VT.uasset" 239
"../../../Engine/Content/EngineMaterials/FlattenMaterial_WS_Normal_VT.uexp" 240
"../../../Engine/Content/EngineMaterials/FlattenMaterial_VT.uasset" 241
"../../../Engine/Content/EngineMaterials/FlattenMaterial_VT.uexp" 242
"../../../Engine/Content/EngineMaterials/BaseFlattenNormalMap.uasset" 243
"../../../Engine/Content/EngineMaterials/BaseFlattenNormalMap.uexp" 244
"../../../Engine/Content/EngineMaterials/BaseFlattenGrayscaleMap.uasset" 245
"../../../Engine/Content/EngineMaterials/BaseFlattenGrayscaleMap.uexp" 246
"../../../Engine/Content/EngineMaterials/BaseFlattenDiffuseMap.uasset" 247
"../../../Engine/Content/EngineMaterials/BaseFlattenDiffuseMap.uexp" 248
"../../../Engine/Content/Functions/Engine_MaterialFunctions02/PivotPainter2/Black_1x1_EXR_Texture.uasset" 249
"../../../Engine/Content/Functions/Engine_MaterialFunctions02/PivotPainter2/Black_1x1_EXR_Texture.uexp" 250
"../../../Engine/Content/EngineMaterials/BaseFlattenEmissiveMap.uasset" 251
"../../../Engine/Content/EngineMaterials/BaseFlattenEmissiveMap.uexp" 252
"../../../Engine/Content/EngineMaterials/BaseFlattenLinearColor.uasset" 253
"../../../Engine/Content/EngineMaterials/BaseFlattenLinearColor.uexp" 254
"../../../Engine/Content/EngineMaterials/FlattenMaterial.uasset" 255
"../../../Engine/Content/EngineMaterials/FlattenMaterial.uexp" 256
"../../../Engine/Content/EngineMaterials/DefaultWhiteGrid_Low.uasset" 257
"../../../Engine/Content/EngineMaterials/DefaultWhiteGrid_Low.uexp" 258
"../../../Engine/Content/EngineMaterials/EmissiveMeshMaterial.uasset" 259
"../../../Engine/Content/EngineMaterials/EmissiveMeshMaterial.uexp" 260
"../../../Engine/Content/EngineFonts/RobotoDistanceField.uasset" 261
"../../../Engine/Content/EngineFonts/RobotoDistanceField.uexp" 262
"../../../Engine/Content/EngineMaterials/DefaultTextMaterialOpaque.uasset" 263
"../../../Engine/Content/EngineMaterials/DefaultTextMaterialOpaque.uexp" 264
"../../../Engine/Content/EngineMaterials/DefaultDiffuse.ubulk" 265
"../../../Engine/Content/EngineMaterials/DefaultDiffuse.uasset" 266
"../../../Engine/Content/EngineMaterials/DefaultDiffuse.uexp" 267
"../../../Engine/Content/Functions/Engine_MaterialFunctions02/Utility/BreakOutFloat2Components.uasset" 268
"../../../Engine/Content/Functions/Engine_MaterialFunctions02/Utility/BreakOutFloat2Components.uexp" 269
"../../../Engine/Content/EngineMaterials/DefaultPostProcessMaterial.uasset" 270
"../../../Engine/Content/EngineMaterials/DefaultPostProcessMaterial.uexp" 271
"../../../Engine/Content/EngineMaterials/DefaultPhysicalMaterial.uasset" 272
"../../../Engine/Content/EngineMaterials/DefaultPhysicalMaterial.uexp" 273
"../../../Engine/Content/EngineMaterials/DefaultLightFunctionMaterial.uasset" 274
"../../../Engine/Content/EngineMaterials/DefaultLightFunctionMaterial.uexp" 275
"../../../Engine/Content/EngineMaterials/DefaultDestructiblePhysicalMaterial.uasset" 276
"../../../Engine/Content/EngineMaterials/DefaultDestructiblePhysicalMaterial.uexp" 277
"../../../Engine/Content/EngineMaterials/DefaultDeferredDecalMaterial.uasset" 278
"../../../Engine/Content/EngineMaterials/DefaultDeferredDecalMaterial.uexp" 279
"../../../Engine/Content/EngineMaterials/DefaultBloomKernel.uasset" 280
"../../../Engine/Content/EngineMaterials/DefaultBloomKernel.uexp" 281
"../../../Engine/Content/EngineResources/FilmGrains/Marcie_Grain_v3_128_M2_000.uasset" 282
"../../../Engine/Content/EngineResources/FilmGrains/Marcie_Grain_v3_128_M2_000.uexp" 283
"../../../Engine/Content/EngineSky/VolumetricClouds/CloudWeatherTexture.uasset" 284
"../../../Engine/Content/EngineSky/VolumetricClouds/CloudWeatherTexture.uexp" 285
"../../../Engine/Content/Functions/Engine_MaterialFunctions02/Utility/MakeFloat2.uasset" 286
"../../../Engine/Content/Functions/Engine_MaterialFunctions02/Utility/MakeFloat2.uexp" 287
"../../../Engine/Content/EngineSky/VolumetricClouds/CloudGradientTexture.uasset" 288
"../../../Engine/Content/EngineSky/VolumetricClouds/CloudGradientTexture.uexp" 289
"../../../Engine/Content/EngineSky/VolumetricClouds/T_NoiseShape64.ubulk" 290
"../../../Engine/Content/EngineSky/VolumetricClouds/T_NoiseShape64.uasset" 291
"../../../Engine/Content/EngineSky/VolumetricClouds/T_NoiseShape64.uexp" 292
"../../../Engine/Content/EngineSky/VolumetricClouds/T_VolumeNoiseShape64.uasset" 293
"../../../Engine/Content/EngineSky/VolumetricClouds/T_VolumeNoiseShape64.uexp" 294
"../../../Engine/Content/EngineSky/VolumetricClouds/T_NoiseErosion.ubulk" 295
"../../../Engine/Content/EngineSky/VolumetricClouds/T_NoiseErosion.uasset" 296
"../../../Engine/Content/EngineSky/VolumetricClouds/T_NoiseErosion.uexp" 297
"../../../Engine/Content/EngineSky/VolumetricClouds/T_VolumeNoiseErosion32.uasset" 298
"../../../Engine/Content/EngineSky/VolumetricClouds/T_VolumeNoiseErosion32.uexp" 299
"../../../Engine/Content/EngineSky/VolumetricClouds/m_SimpleVolumetricCloud.uasset" 300
"../../../Engine/Content/EngineSky/VolumetricClouds/m_SimpleVolumetricCloud.uexp" 301
"../../../Engine/Content/EngineSky/VolumetricClouds/m_SimpleVolumetricCloud_Inst.uasset" 302
"../../../Engine/Content/EngineSky/VolumetricClouds/m_SimpleVolumetricCloud_Inst.uexp" 303
"../../../Engine/Content/EngineSounds/Master.uasset" 304
"../../../Engine/Content/EngineSounds/Master.uexp" 305
"../../../Engine/Content/Functions/Engine_MaterialFunctions01/Shading/PowerToRoughness.uasset" 306
"../../../Engine/Content/Functions/Engine_MaterialFunctions01/Shading/PowerToRoughness.uexp" 307
"../../../Engine/Content/MobileResources/HUD/VirtualJoystick_Background.uasset" 308
"../../../Engine/Content/MobileResources/HUD/VirtualJoystick_Background.uexp" 309
"../../../Engine/Content/MobileResources/HUD/VirtualJoystick_Thumb.uasset" 310
"../../../Engine/Content/MobileResources/HUD/VirtualJoystick_Thumb.uexp" 311
"../../../Engine/Content/MobileResources/HUD/DefaultVirtualJoysticks.uasset" 312
"../../../Engine/Content/MobileResources/HUD/DefaultVirtualJoysticks.uexp" 313
"../../../Engine/Plugins/2D/Paper2D/Content/PlaceholderTextures/DummySpriteTexture.ubulk" 314
"../../../Engine/Plugins/2D/Paper2D/Content/PlaceholderTextures/DummySpriteTexture.uasset" 315
"../../../Engine/Plugins/2D/Paper2D/Content/PlaceholderTextures/DummySpriteTexture.uexp" 316
"../../../Engine/Plugins/2D/Paper2D/Content/DefaultSpriteMaterial.uasset" 317
"../../../Engine/Plugins/2D/Paper2D/Content/DefaultSpriteMaterial.uexp" 318
"../../../Engine/Plugins/2D/Paper2D/Content/OpaqueUnlitSpriteMaterial.uasset" 319
"../../../Engine/Plugins/2D/Paper2D/Content/OpaqueUnlitSpriteMaterial.uexp" 320
"../../../Engine/Plugins/2D/Paper2D/Content/MaskedUnlitSpriteMaterial.uasset" 321
"../../../Engine/Plugins/2D/Paper2D/Content/MaskedUnlitSpriteMaterial.uexp" 322
"../../../Engine/Plugins/2D/Paper2D/Content/DummySprite.uasset" 323
"../../../Engine/Plugins/2D/Paper2D/Content/DummySprite.uexp" 324
"../../../Engine/Plugins/2D/Paper2D/Content/DefaultPaperTerrainMaterial.uasset" 325
"../../../Engine/Plugins/2D/Paper2D/Content/DefaultPaperTerrainMaterial.uexp" 326
"../../../Engine/Plugins/Animation/ControlRig/Content/M_Manip.uasset" 327
"../../../Engine/Plugins/Animation/ControlRig/Content/M_Manip.uexp" 328
"../../../Engine/Plugins/Animation/ControlRig/Content/Controls/DefaultGizmoLibraryNormalized.uasset" 329
"../../../Engine/Plugins/Animation/ControlRig/Content/Controls/DefaultGizmoLibraryNormalized.uexp" 330
"../../../Engine/Plugins/Animation/ControlRig/Content/Controls/ControlRig_Wedge_solid.uasset" 331
"../../../Engine/Plugins/Animation/ControlRig/Content/Controls/ControlRig_Wedge_solid.uexp" 332
"../../../Engine/Plugins/Animation/ControlRig/Content/Controls/ControlRig_Wedge_3mm.uasset" 333
"../../../Engine/Plugins/Animation/ControlRig/Content/Controls/ControlRig_Wedge_3mm.uexp" 334
"../../../Engine/Plugins/Animation/ControlRig/Content/Controls/ControlRig_Wedge_1mm.uasset" 335
"../../../Engine/Plugins/Animation/ControlRig/Content/Controls/ControlRig_Wedge_1mm.uexp" 336
"../../../Engine/Plugins/Animation/ControlRig/Content/Controls/ControlRig_Triangle_solid.uasset" 337
"../../../Engine/Plugins/Animation/ControlRig/Content/Controls/ControlRig_Triangle_solid.uexp" 338
"../../../Engine/Plugins/Animation/ControlRig/Content/Controls/ControlRig_Triangle_3mm.uasset" 339
"../../../Engine/Plugins/Animation/ControlRig/Content/Controls/ControlRig_Triangle_3mm.uexp" 340
"../../../Engine/Plugins/Animation/ControlRig/Content/Controls/ControlRig_Triangle_1mm.uasset" 341
"../../../Engine/Plugins/Animation/ControlRig/Content/Controls/ControlRig_Triangle_1mm.uexp" 342
"../../../Engine/Plugins/Animation/ControlRig/Content/Controls/ControlRig_Star4_solid.uasset" 343
"../../../Engine/Plugins/Animation/ControlRig/Content/Controls/ControlRig_Star4_solid.uexp" 344
"../../../Engine/Plugins/Animation/ControlRig/Content/Controls/ControlRig_Star4_3mm.uasset" 345
"../../../Engine/Plugins/Animation/ControlRig/Content/Controls/ControlRig_Star4_3mm.uexp" 346
"../../../Engine/Plugins/Animation/ControlRig/Content/Controls/ControlRig_Star4_1mm.uasset" 347
"../../../Engine/Plugins/Animation/ControlRig/Content/Controls/ControlRig_Star4_1mm.uexp" 348
"../../../Engine/Plugins/Animation/ControlRig/Content/Controls/ControlRig_Square_solid.uasset" 349
"../../../Engine/Plugins/Animation/ControlRig/Content/Controls/ControlRig_Square_solid.uexp" 350
"../../../Engine/Plugins/Animation/ControlRig/Content/Controls/ControlRig_Square_3mm.uasset" 351
"../../../Engine/Plugins/Animation/ControlRig/Content/Controls/ControlRig_Square_3mm.uexp" 352
"../../../Engine/Plugins/Animation/ControlRig/Content/Controls/ControlRig_Square_1mm.uasset" 353
"../../../Engine/Plugins/Animation/ControlRig/Content/Controls/ControlRig_Square_1mm.uexp" 354
"../../../Engine/Plugins/Animation/ControlRig/Content/Controls/ControlRig_Sphere_solid.uasset" 355
"../../../Engine/Plugins/Animation/ControlRig/Content/Controls/ControlRig_Sphere_solid.uexp" 356
"../../../Engine/Plugins/Animation/ControlRig/Content/Controls/ControlRig_Sphere_3mm.uasset" 357
"../../../Engine/Plugins/Animation/ControlRig/Content/Controls/ControlRig_Sphere_3mm.uexp" 358
"../../../Engine/Plugins/Animation/ControlRig/Content/Controls/ControlRig_Sphere_1mm.uasset" 359
"../../../Engine/Plugins/Animation/ControlRig/Content/Controls/ControlRig_Sphere_1mm.uexp" 360
"../../../Engine/Plugins/Animation/ControlRig/Content/Controls/ControlRig_RoundedTriangle_solid.uasset" 361
"../../../Engine/Plugins/Animation/ControlRig/Content/Controls/ControlRig_RoundedTriangle_solid.uexp" 362
"../../../Engine/Plugins/Animation/ControlRig/Content/Controls/ControlRig_RoundedTriangle_3mm.uasset" 363
"../../../Engine/Plugins/Animation/ControlRig/Content/Controls/ControlRig_RoundedTriangle_3mm.uexp" 364
"../../../Engine/Plugins/Animation/ControlRig/Content/Controls/ControlRig_RoundedTriangle_1mm.uasset" 365
"../../../Engine/Plugins/Animation/ControlRig/Content/Controls/ControlRig_RoundedTriangle_1mm.uexp" 366
"../../../Engine/Plugins/Animation/ControlRig/Content/Controls/ControlRig_RoundedSquare_solid.uasset" 367
"../../../Engine/Plugins/Animation/ControlRig/Content/Controls/ControlRig_RoundedSquare_solid.uexp" 368
"../../../Engine/Plugins/Animation/ControlRig/Content/Controls/ControlRig_RoundedSquare_3mm.uasset" 369
"../../../Engine/Plugins/Animation/ControlRig/Content/Controls/ControlRig_RoundedSquare_3mm.uexp" 370
"../../../Engine/Plugins/Animation/ControlRig/Content/Controls/ControlRig_RoundedSquare_1mm.uasset" 371
"../../../Engine/Plugins/Animation/ControlRig/Content/Controls/ControlRig_RoundedSquare_1mm.uexp" 372
"../../../Engine/Plugins/Animation/ControlRig/Content/Controls/ControlRig_QuarterCircle_solid.uasset" 373
"../../../Engine/Plugins/Animation/ControlRig/Content/Controls/ControlRig_QuarterCircle_solid.uexp" 374
"../../../Engine/Plugins/Animation/ControlRig/Content/Controls/ControlRig_QuarterCircle_3mm.uasset" 375
"../../../Engine/Plugins/Animation/ControlRig/Content/Controls/ControlRig_QuarterCircle_3mm.uexp" 376
"../../../Engine/Plugins/Animation/ControlRig/Content/Controls/ControlRig_QuarterCircle_1mm.uasset" 377
"../../../Engine/Plugins/Animation/ControlRig/Content/Controls/ControlRig_QuarterCircle_1mm.uexp" 378
"../../../Engine/Plugins/Animation/ControlRig/Content/Controls/ControlRig_Pyramid_solid.uasset" 379
"../../../Engine/Plugins/Animation/ControlRig/Content/Controls/ControlRig_Pyramid_solid.uexp" 380
"../../../Engine/Plugins/Animation/ControlRig/Content/Controls/ControlRig_Pyramid_3mm.uasset" 381
"../../../Engine/Plugins/Animation/ControlRig/Content/Controls/ControlRig_Pyramid_3mm.uexp" 382
"../../../Engine/Plugins/Animation/ControlRig/Content/Controls/ControlRig_Pyramid_1mm.uasset" 383
"../../../Engine/Plugins/Animation/ControlRig/Content/Controls/ControlRig_Pyramid_1mm.uexp" 384
"../../../Engine/Plugins/Animation/ControlRig/Content/Controls/ControlRig_Octagon_solid.uasset" 385
"../../../Engine/Plugins/Animation/ControlRig/Content/Controls/ControlRig_Octagon_solid.uexp" 386
"../../../Engine/Plugins/Animation/ControlRig/Content/Controls/ControlRig_Octagon_3mm.uasset" 387
"../../../Engine/Plugins/Animation/ControlRig/Content/Controls/ControlRig_Octagon_3mm.uexp" 388
"../../../Engine/Plugins/Animation/ControlRig/Content/Controls/ControlRig_Octagon_1mm.uasset" 389
"../../../Engine/Plugins/Animation/ControlRig/Content/Controls/ControlRig_Octagon_1mm.uexp" 390
"../../../Engine/Plugins/Animation/ControlRig/Content/Controls/ControlRig_Hexagon_solid.uasset" 391
"../../../Engine/Plugins/Animation/ControlRig/Content/Controls/ControlRig_Hexagon_solid.uexp" 392
"../../../Engine/Plugins/Animation/ControlRig/Content/Controls/ControlRig_Hexagon_3mm.uasset" 393
"../../../Engine/Plugins/Animation/ControlRig/Content/Controls/ControlRig_Hexagon_3mm.uexp" 394
"../../../Engine/Plugins/Animation/ControlRig/Content/Controls/ControlRig_Hexagon_1mm.uasset" 395
"../../../Engine/Plugins/Animation/ControlRig/Content/Controls/ControlRig_Hexagon_1mm.uexp" 396
"../../../Engine/Plugins/Animation/ControlRig/Content/Controls/ControlRig_HalfCircle_solid.uasset" 397
"../../../Engine/Plugins/Animation/ControlRig/Content/Controls/ControlRig_HalfCircle_solid.uexp" 398
"../../../Engine/Plugins/Animation/ControlRig/Content/Controls/ControlRig_HalfCircle_3mm.uasset" 399
"../../../Engine/Plugins/Animation/ControlRig/Content/Controls/ControlRig_HalfCircle_3mm.uexp" 400
"../../../Engine/Plugins/Animation/ControlRig/Content/Controls/ControlRig_HalfCircle_1mm.uasset" 401
"../../../Engine/Plugins/Animation/ControlRig/Content/Controls/ControlRig_HalfCircle_1mm.uexp" 402
"../../../Engine/Plugins/Animation/ControlRig/Content/Controls/ControlRig_Diamond_solid.uasset" 403
"../../../Engine/Plugins/Animation/ControlRig/Content/Controls/ControlRig_Diamond_solid.uexp" 404
"../../../Engine/Plugins/Animation/ControlRig/Content/Controls/ControlRig_Diamond_3mm.uasset" 405
"../../../Engine/Plugins/Animation/ControlRig/Content/Controls/ControlRig_Diamond_3mm.uexp" 406
"../../../Engine/Plugins/Animation/ControlRig/Content/Controls/ControlRig_Diamond_1mm.uasset" 407
"../../../Engine/Plugins/Animation/ControlRig/Content/Controls/ControlRig_Diamond_1mm.uexp" 408
"../../../Engine/Plugins/Animation/ControlRig/Content/Controls/ControlRig_Circle_solid.uasset" 409
"../../../Engine/Plugins/Animation/ControlRig/Content/Controls/ControlRig_Circle_solid.uexp" 410
"../../../Engine/Plugins/Animation/ControlRig/Content/Controls/ControlRig_Circle_3mm.uasset" 411
"../../../Engine/Plugins/Animation/ControlRig/Content/Controls/ControlRig_Circle_3mm.uexp" 412
"../../../Engine/Plugins/Animation/ControlRig/Content/Controls/ControlRig_Circle_1mm.uasset" 413
"../../../Engine/Plugins/Animation/ControlRig/Content/Controls/ControlRig_Circle_1mm.uexp" 414
"../../../Engine/Plugins/Animation/ControlRig/Content/Controls/ControlRig_Box_solid.uasset" 415
"../../../Engine/Plugins/Animation/ControlRig/Content/Controls/ControlRig_Box_solid.uexp" 416
"../../../Engine/Plugins/Animation/ControlRig/Content/Controls/ControlRig_Box_3mm.uasset" 417
"../../../Engine/Plugins/Animation/ControlRig/Content/Controls/ControlRig_Box_3mm.uexp" 418
"../../../Engine/Plugins/Animation/ControlRig/Content/Controls/ControlRig_Box_1mm.uasset" 419
"../../../Engine/Plugins/Animation/ControlRig/Content/Controls/ControlRig_Box_1mm.uexp" 420
"../../../Engine/Plugins/Animation/ControlRig/Content/Controls/ControlRig_Arrow_solid.uasset" 421
"../../../Engine/Plugins/Animation/ControlRig/Content/Controls/ControlRig_Arrow_solid.uexp" 422
"../../../Engine/Plugins/Animation/ControlRig/Content/Controls/ControlRig_Arrow_3mm.uasset" 423
"../../../Engine/Plugins/Animation/ControlRig/Content/Controls/ControlRig_Arrow_3mm.uexp" 424
"../../../Engine/Plugins/Animation/ControlRig/Content/Controls/ControlRig_Arrow_1mm.uasset" 425
"../../../Engine/Plugins/Animation/ControlRig/Content/Controls/ControlRig_Arrow_1mm.uexp" 426
"../../../Engine/Plugins/Animation/ControlRig/Content/Controls/ControlRig_Arrow4_solid.uasset" 427
"../../../Engine/Plugins/Animation/ControlRig/Content/Controls/ControlRig_Arrow4_solid.uexp" 428
"../../../Engine/Plugins/Animation/ControlRig/Content/Controls/ControlRig_Arrow4_3mm.uasset" 429
"../../../Engine/Plugins/Animation/ControlRig/Content/Controls/ControlRig_Arrow4_3mm.uexp" 430
"../../../Engine/Plugins/Animation/ControlRig/Content/Controls/ControlRig_Arrow4_1mm.uasset" 431
"../../../Engine/Plugins/Animation/ControlRig/Content/Controls/ControlRig_Arrow4_1mm.uexp" 432
"../../../Engine/Plugins/Animation/ControlRig/Content/Controls/ControlRig_Arrow2_solid.uasset" 433
"../../../Engine/Plugins/Animation/ControlRig/Content/Controls/ControlRig_Arrow2_solid.uexp" 434
"../../../Engine/Plugins/Animation/ControlRig/Content/Controls/ControlRig_Arrow2_3mm.uasset" 435
"../../../Engine/Plugins/Animation/ControlRig/Content/Controls/ControlRig_Arrow2_3mm.uexp" 436
"../../../Engine/Plugins/Animation/ControlRig/Content/Controls/ControlRig_Arrow2_1mm.uasset" 437
"../../../Engine/Plugins/Animation/ControlRig/Content/Controls/ControlRig_Arrow2_1mm.uexp" 438
"../../../Engine/Plugins/Animation/ControlRig/Content/Controls/ControlRigXRayMaterial.uasset" 439
"../../../Engine/Plugins/Animation/ControlRig/Content/Controls/ControlRigXRayMaterial.uexp" 440
"../../../Engine/Plugins/Animation/ControlRig/Content/Controls/ControlRigGizmoMaterial.uasset" 441
"../../../Engine/Plugins/Animation/ControlRig/Content/Controls/ControlRigGizmoMaterial.uexp" 442
"../../../Engine/Plugins/Editor/SpeedTreeImporter/Content/SpeedTree9/game_wind_noise.ubulk" 443
"../../../Engine/Plugins/Editor/SpeedTreeImporter/Content/SpeedTree9/game_wind_noise.uasset" 444
"../../../Engine/Plugins/Editor/SpeedTreeImporter/Content/SpeedTree9/game_wind_noise.uexp" 445
"../../../Engine/Plugins/Editor/SpeedTreeImporter/Content/SpeedTree9/UnpackDirection.uasset" 446
"../../../Engine/Plugins/Editor/SpeedTreeImporter/Content/SpeedTree9/UnpackDirection.uexp" 447
"../../../Engine/Content/Functions/Engine_MaterialFunctions02/ObjectLocalBounds.uasset" 448
"../../../Engine/Content/Functions/Engine_MaterialFunctions02/ObjectLocalBounds.uexp" 449
"../../../Engine/Content/Functions/Engine_MaterialFunctions02/UVs/BoundingBoxBased_0-1_UVW.uasset" 450
"../../../Engine/Content/Functions/Engine_MaterialFunctions02/UVs/BoundingBoxBased_0-1_UVW.uexp" 451
"../../../Engine/Content/Functions/Engine_MaterialFunctions02/Utility/VectorLength.uasset" 452
"../../../Engine/Content/Functions/Engine_MaterialFunctions02/Utility/VectorLength.uexp" 453
"../../../Engine/Plugins/Editor/SpeedTreeImporter/Content/SpeedTree9/UnpackInteger3.uasset" 454
"../../../Engine/Plugins/Editor/SpeedTreeImporter/Content/SpeedTree9/UnpackInteger3.uexp" 455
"../../../Engine/Plugins/Editor/SpeedTreeImporter/Content/SpeedTree9/SpeedTreeCameraFacing.uasset" 456
"../../../Engine/Plugins/Editor/SpeedTreeImporter/Content/SpeedTree9/SpeedTreeCameraFacing.uexp" 457
"../../../Engine/Content/Functions/Engine_MaterialFunctions02/WorldPositionOffset/ObjectScale.uasset" 458
"../../../Engine/Content/Functions/Engine_MaterialFunctions02/WorldPositionOffset/ObjectScale.uexp" 459
"../../../Engine/Content/Functions/Engine_MaterialFunctions02/SafeNormalize.uasset" 460
"../../../Engine/Content/Functions/Engine_MaterialFunctions02/SafeNormalize.uexp" 461
"../../../Engine/Plugins/Editor/SpeedTreeImporter/Content/SpeedTree9/SpeedTreeWindMotion.uasset" 462
"../../../Engine/Plugins/Editor/SpeedTreeImporter/Content/SpeedTree9/SpeedTreeWindMotion.uexp" 463
"../../../Engine/Plugins/Editor/SpeedTreeImporter/Content/SpeedTree9/SpeedTreeBranchMotion.uasset" 464
"../../../Engine/Plugins/Editor/SpeedTreeImporter/Content/SpeedTree9/SpeedTreeBranchMotion.uexp" 465
"../../../Engine/Plugins/Editor/SpeedTreeImporter/Content/SpeedTree9/SpeedTreeWind.uasset" 466
"../../../Engine/Plugins/Editor/SpeedTreeImporter/Content/SpeedTree9/SpeedTreeWind.uexp" 467
"../../../Engine/Plugins/Editor/SpeedTreeImporter/Content/SpeedTree9/EmptyNormal.uasset" 468
"../../../Engine/Plugins/Editor/SpeedTreeImporter/Content/SpeedTree9/EmptyNormal.uexp" 469
"../../../Engine/Plugins/Editor/SpeedTreeImporter/Content/SpeedTree9/Empty.uasset" 470
"../../../Engine/Plugins/Editor/SpeedTreeImporter/Content/SpeedTree9/Empty.uexp" 471
"../../../Engine/Plugins/Editor/SpeedTreeImporter/Content/SpeedTree9/SpeedTreeMaster.uasset" 472
"../../../Engine/Plugins/Editor/SpeedTreeImporter/Content/SpeedTree9/SpeedTreeMaster.uexp" 473
"../../../Engine/Plugins/Editor/SpeedTreeImporter/Content/SpeedTree9/SpeedTreeBillboard.uasset" 474
"../../../Engine/Plugins/Editor/SpeedTreeImporter/Content/SpeedTree9/SpeedTreeBillboard.uexp" 475
"../../../Engine/Plugins/Editor/SpeedTreeImporter/Content/SpeedTree9/SpeedTreeBillboardMaster.uasset" 476
"../../../Engine/Plugins/Editor/SpeedTreeImporter/Content/SpeedTree9/SpeedTreeBillboardMaster.uexp" 477
"../../../Engine/Content/Functions/Engine_MaterialFunctions02/Texturing/CustomRotator.uasset" 478
"../../../Engine/Content/Functions/Engine_MaterialFunctions02/Texturing/CustomRotator.uexp" 479
"../../../Engine/Content/Functions/Engine_MaterialFunctions02/Texturing/ScreenAlignedPixelToPixelUVs.uasset" 480
"../../../Engine/Content/Functions/Engine_MaterialFunctions02/Texturing/ScreenAlignedPixelToPixelUVs.uexp" 481
"../../../Engine/Plugins/Interchange/Runtime/Content/Utilities/T_Bayer64_Grayscale_64px.uasset" 482
"../../../Engine/Plugins/Interchange/Runtime/Content/Utilities/T_Bayer64_Grayscale_64px.uexp" 483
"../../../Engine/Plugins/Interchange/Runtime/Content/gltf/MaterialFunctions/MF_Temporal_Blur.uasset" 484
"../../../Engine/Plugins/Interchange/Runtime/Content/gltf/MaterialFunctions/MF_Temporal_Blur.uexp" 485
"../../../Engine/Plugins/Interchange/Runtime/Content/gltf/MaterialFunctions/MF_Fresnel_DS.uasset" 486
"../../../Engine/Plugins/Interchange/Runtime/Content/gltf/MaterialFunctions/MF_Fresnel_DS.uexp" 487
"../../../Engine/Plugins/Interchange/Runtime/Content/Functions/MX_Transmission.uasset" 488
"../../../Engine/Plugins/Interchange/Runtime/Content/Functions/MX_Transmission.uexp" 489
"../../../Engine/Plugins/Interchange/Runtime/Content/Functions/MF_OrenNayerView.uasset" 490
"../../../Engine/Plugins/Interchange/Runtime/Content/Functions/MF_OrenNayerView.uexp" 491
"../../../Engine/Plugins/Interchange/Runtime/Content/Functions/MF_SchlickApprox.uasset" 492
"../../../Engine/Plugins/Interchange/Runtime/Content/Functions/MF_SchlickApprox.uexp" 493
"../../../Engine/Plugins/Interchange/Runtime/Content/Utilities/New_LUT.uasset" 494
"../../../Engine/Plugins/Interchange/Runtime/Content/Utilities/New_LUT.uexp" 495
"../../../Engine/Content/Functions/Engine_MaterialFunctions03/Math/RemapValueRange.uasset" 496
"../../../Engine/Content/Functions/Engine_MaterialFunctions03/Math/RemapValueRange.uexp" 497
"../../../Engine/Plugins/Interchange/Runtime/Content/Functions/MF_Iridescence.uasset" 498
"../../../Engine/Plugins/Interchange/Runtime/Content/Functions/MF_Iridescence.uexp" 499
"../../../Engine/Plugins/Interchange/Runtime/Content/Functions/MX_StandardSurface.uasset" 500
"../../../Engine/Plugins/Interchange/Runtime/Content/Functions/MX_StandardSurface.uexp" 501
"../../../Engine/Plugins/Interchange/Runtime/Content/Functions/MX_TransmissionSurface.uasset" 502
"../../../Engine/Plugins/Interchange/Runtime/Content/Functions/MX_TransmissionSurface.uexp" 503
"../../../Engine/Content/Functions/Engine_MaterialFunctions02/Math/AddComponents.uasset" 504
"../../../Engine/Content/Functions/Engine_MaterialFunctions02/Math/AddComponents.uexp" 505
"../../../Engine/Content/Functions/Engine_MaterialFunctions02/WorldPositionOffset/V2/ObjectScale.uasset" 506
"../../../Engine/Content/Functions/Engine_MaterialFunctions02/WorldPositionOffset/V2/ObjectScale.uexp" 507
"../../../Engine/Plugins/Interchange/Runtime/Content/gltf/MaterialFunctions/MF_TransmissionOpacity.uasset" 508
"../../../Engine/Plugins/Interchange/Runtime/Content/gltf/MaterialFunctions/MF_TransmissionOpacity.uexp" 509
"../../../Engine/Plugins/Interchange/Runtime/Content/gltf/MaterialFunctions/MF_RotateV2.uasset" 510
"../../../Engine/Plugins/Interchange/Runtime/Content/gltf/MaterialFunctions/MF_RotateV2.uexp" 511
"../../../Engine/Plugins/Interchange/Runtime/Content/gltf/MaterialFunctions/MF_TransformUVs.uasset" 512
"../../../Engine/Plugins/Interchange/Runtime/Content/gltf/MaterialFunctions/MF_TransformUVs.uexp" 513
"../../../Engine/Plugins/Interchange/Runtime/Content/gltf/Textures/T_White_srgb.uasset" 514
"../../../Engine/Plugins/Interchange/Runtime/Content/gltf/Textures/T_White_srgb.uexp" 515
"../../../Engine/Plugins/Interchange/Runtime/Content/gltf/MaterialFunctions/MF_BaseColor.uasset" 516
"../../../Engine/Plugins/Interchange/Runtime/Content/gltf/MaterialFunctions/MF_BaseColor.uexp" 517
"../../../Engine/Plugins/Interchange/Runtime/Content/gltf/MaterialFunctions/MF_DiffuseSpecGloss.uasset" 518
"../../../Engine/Plugins/Interchange/Runtime/Content/gltf/MaterialFunctions/MF_DiffuseSpecGloss.uexp" 519
"../../../Engine/Plugins/Interchange/Runtime/Content/gltf/Textures/T_White_Linear.uasset" 520
"../../../Engine/Plugins/Interchange/Runtime/Content/gltf/Textures/T_White_Linear.uexp" 521
"../../../Engine/Plugins/Interchange/Runtime/Content/gltf/MaterialFunctions/MF_MetallicRoughness.uasset" 522
"../../../Engine/Plugins/Interchange/Runtime/Content/gltf/MaterialFunctions/MF_MetallicRoughness.uexp" 523
"../../../Engine/Plugins/Interchange/Runtime/Content/gltf/MaterialFunctions/MF_Transmission.uasset" 524
"../../../Engine/Plugins/Interchange/Runtime/Content/gltf/MaterialFunctions/MF_Transmission.uexp" 525
"../../../Engine/Plugins/Interchange/Runtime/Content/gltf/MaterialFunctions/MF_Occlusion.uasset" 526
"../../../Engine/Plugins/Interchange/Runtime/Content/gltf/MaterialFunctions/MF_Occlusion.uexp" 527
"../../../Engine/Plugins/Interchange/Runtime/Content/gltf/MaterialFunctions/MF_Specular.uasset" 528
"../../../Engine/Plugins/Interchange/Runtime/Content/gltf/MaterialFunctions/MF_Specular.uexp" 529
"../../../Engine/Plugins/Interchange/Runtime/Content/gltf/MaterialFunctions/MF_IOR.uasset" 530
"../../../Engine/Plugins/Interchange/Runtime/Content/gltf/MaterialFunctions/MF_IOR.uexp" 531
"../../../Engine/Content/Functions/Engine_MaterialFunctions01/Texturing/FlattenNormal.uasset" 532
"../../../Engine/Content/Functions/Engine_MaterialFunctions01/Texturing/FlattenNormal.uexp" 533
"../../../Engine/Content/Functions/Engine_MaterialFunctions02/Math/Transform3x3Matrix.uasset" 534
"../../../Engine/Content/Functions/Engine_MaterialFunctions02/Math/Transform3x3Matrix.uexp" 535
"../../../Engine/Plugins/Interchange/Runtime/Content/gltf/MaterialFunctions/MF_RotateNormals_TS.uasset" 536
"../../../Engine/Plugins/Interchange/Runtime/Content/gltf/MaterialFunctions/MF_RotateNormals_TS.uexp" 537
"../../../Engine/Plugins/Interchange/Runtime/Content/gltf/Textures/T_Generic_N.uasset" 538
"../../../Engine/Plugins/Interchange/Runtime/Content/gltf/Textures/T_Generic_N.uexp" 539
"../../../Engine/Plugins/Interchange/Runtime/Content/gltf/MaterialFunctions/MF_Normals.uasset" 540
"../../../Engine/Plugins/Interchange/Runtime/Content/gltf/MaterialFunctions/MF_Normals.uexp" 541
"../../../Engine/Plugins/Interchange/Runtime/Content/gltf/MaterialFunctions/MF_PerceivedBrightness.uasset" 542
"../../../Engine/Plugins/Interchange/Runtime/Content/gltf/MaterialFunctions/MF_PerceivedBrightness.uexp" 543
"../../../Engine/Plugins/Interchange/Runtime/Content/gltf/MaterialFunctions/MF_SpecGlossToMetalRoughness.uasset" 544
"../../../Engine/Plugins/Interchange/Runtime/Content/gltf/MaterialFunctions/MF_SpecGlossToMetalRoughness.uexp" 545
"../../../Engine/Plugins/Interchange/Runtime/Content/gltf/M_Transmission.uasset" 546
"../../../Engine/Plugins/Interchange/Runtime/Content/gltf/M_Transmission.uexp" 547
"../../../Engine/Plugins/Interchange/Runtime/Content/gltf/MaterialInstances_MR/MI_Transmission_TS.uasset" 548
"../../../Engine/Plugins/Interchange/Runtime/Content/gltf/MaterialInstances_MR/MI_Transmission_TS.uexp" 549
"../../../Engine/Plugins/Interchange/Runtime/Content/gltf/MaterialInstances_MR/MI_Transmission.uasset" 550
"../../../Engine/Plugins/Interchange/Runtime/Content/gltf/MaterialInstances_MR/MI_Transmission.uexp" 551
"../../../Engine/Plugins/Interchange/Runtime/Content/gltf/MaterialFunctions/MF_Clearcoat.uasset" 552
"../../../Engine/Plugins/Interchange/Runtime/Content/gltf/MaterialFunctions/MF_Clearcoat.uexp" 553
"../../../Engine/Plugins/Interchange/Runtime/Content/gltf/MaterialFunctions/MF_Emissive.uasset" 554
"../../../Engine/Plugins/Interchange/Runtime/Content/gltf/MaterialFunctions/MF_Emissive.uexp" 555
"../../../Engine/Plugins/Interchange/Runtime/Content/gltf/M_Translucent.uasset" 556
"../../../Engine/Plugins/Interchange/Runtime/Content/gltf/M_Translucent.uexp" 557
"../../../Engine/Plugins/Interchange/Runtime/Content/gltf/MaterialInstances_MR/MI_Translucent_TS.uasset" 558
"../../../Engine/Plugins/Interchange/Runtime/Content/gltf/MaterialInstances_MR/MI_Translucent_TS.uexp" 559
"../../../Engine/Plugins/Interchange/Runtime/Content/gltf/MaterialInstances_MR/MI_Translucent_ClearCoat_TS.uasset" 560
"../../../Engine/Plugins/Interchange/Runtime/Content/gltf/MaterialInstances_MR/MI_Translucent_ClearCoat_TS.uexp" 561
"../../../Engine/Plugins/Interchange/Runtime/Content/gltf/MaterialInstances_MR/MI_Translucent_ClearCoat.uasset" 562
"../../../Engine/Plugins/Interchange/Runtime/Content/gltf/MaterialInstances_MR/MI_Translucent_ClearCoat.uexp" 563
"../../../Engine/Plugins/Interchange/Runtime/Content/gltf/MaterialInstances_MR/MI_Translucent.uasset" 564
"../../../Engine/Plugins/Interchange/Runtime/Content/gltf/MaterialInstances_MR/MI_Translucent.uexp" 565
"../../../Engine/Plugins/Interchange/Runtime/Content/gltf/M_Unlit.uasset" 566
"../../../Engine/Plugins/Interchange/Runtime/Content/gltf/M_Unlit.uexp" 567
"../../../Engine/Plugins/Interchange/Runtime/Content/gltf/MaterialInstances_MR/MI_Opaque_Unlit_TS.uasset" 568
"../../../Engine/Plugins/Interchange/Runtime/Content/gltf/MaterialInstances_MR/MI_Opaque_Unlit_TS.uexp" 569
"../../../Engine/Plugins/Interchange/Runtime/Content/gltf/MaterialInstances_MR/MI_Opaque_Unlit.uasset" 570
"../../../Engine/Plugins/Interchange/Runtime/Content/gltf/MaterialInstances_MR/MI_Opaque_Unlit.uexp" 571
"../../../Engine/Plugins/Interchange/Runtime/Content/gltf/M_Opaque.uasset" 572
"../../../Engine/Plugins/Interchange/Runtime/Content/gltf/M_Opaque.uexp" 573
"../../../Engine/Plugins/Interchange/Runtime/Content/gltf/MaterialInstances_MR/MI_Opaque_TS.uasset" 574
"../../../Engine/Plugins/Interchange/Runtime/Content/gltf/MaterialInstances_MR/MI_Opaque_TS.uexp" 575
"../../../Engine/Plugins/Interchange/Runtime/Content/gltf/MaterialFunctions/MF_Sheen.uasset" 576
"../../../Engine/Plugins/Interchange/Runtime/Content/gltf/MaterialFunctions/MF_Sheen.uexp" 577
"../../../Engine/Content/Functions/Engine_MaterialFunctions01/Shading/FuzzyShading.uasset" 578
"../../../Engine/Content/Functions/Engine_MaterialFunctions01/Shading/FuzzyShading.uexp" 579
"../../../Engine/Plugins/Interchange/Runtime/Content/gltf/M_Sheen.uasset" 580
"../../../Engine/Plugins/Interchange/Runtime/Content/gltf/M_Sheen.uexp" 581
"../../../Engine/Plugins/Interchange/Runtime/Content/gltf/MaterialInstances_MR/MI_Opaque_Sheen_TS.uasset" 582
"../../../Engine/Plugins/Interchange/Runtime/Content/gltf/MaterialInstances_MR/MI_Opaque_Sheen_TS.uexp" 583
"../../../Engine/Plugins/Interchange/Runtime/Content/gltf/MaterialInstances_MR/MI_Opaque_Sheen.uasset" 584
"../../../Engine/Plugins/Interchange/Runtime/Content/gltf/MaterialInstances_MR/MI_Opaque_Sheen.uexp" 585
"../../../Engine/Plugins/Interchange/Runtime/Content/gltf/MaterialInstances_MR/MI_Opaque_ClearCoat_TS.uasset" 586
"../../../Engine/Plugins/Interchange/Runtime/Content/gltf/MaterialInstances_MR/MI_Opaque_ClearCoat_TS.uexp" 587
"../../../Engine/Plugins/Interchange/Runtime/Content/gltf/MaterialInstances_MR/MI_Opaque_ClearCoat.uasset" 588
"../../../Engine/Plugins/Interchange/Runtime/Content/gltf/MaterialInstances_MR/MI_Opaque_ClearCoat.uexp" 589
"../../../Engine/Plugins/Interchange/Runtime/Content/gltf/MaterialInstances_MR/MI_Opaque.uasset" 590
"../../../Engine/Plugins/Interchange/Runtime/Content/gltf/MaterialInstances_MR/MI_Opaque.uexp" 591
"../../../Engine/Plugins/Interchange/Runtime/Content/gltf/MaterialInstances_SG/MI_Transmission_TS.uasset" 592
"../../../Engine/Plugins/Interchange/Runtime/Content/gltf/MaterialInstances_SG/MI_Transmission_TS.uexp" 593
"../../../Engine/Plugins/Interchange/Runtime/Content/gltf/MaterialInstances_SG/MI_Transmission.uasset" 594
"../../../Engine/Plugins/Interchange/Runtime/Content/gltf/MaterialInstances_SG/MI_Transmission.uexp" 595
"../../../Engine/Plugins/Interchange/Runtime/Content/gltf/MaterialInstances_SG/MI_Translucent_TS.uasset" 596
"../../../Engine/Plugins/Interchange/Runtime/Content/gltf/MaterialInstances_SG/MI_Translucent_TS.uexp" 597
"../../../Engine/Plugins/Interchange/Runtime/Content/gltf/MaterialInstances_SG/MI_Translucent_ClearCoat_TS.uasset" 598
"../../../Engine/Plugins/Interchange/Runtime/Content/gltf/MaterialInstances_SG/MI_Translucent_ClearCoat_TS.uexp" 599
"../../../Engine/Plugins/Interchange/Runtime/Content/gltf/MaterialInstances_SG/MI_Translucent_ClearCoat.uasset" 600
"../../../Engine/Plugins/Interchange/Runtime/Content/gltf/MaterialInstances_SG/MI_Translucent_ClearCoat.uexp" 601
"../../../Engine/Plugins/Interchange/Runtime/Content/gltf/MaterialInstances_SG/MI_Translucent.uasset" 602
"../../../Engine/Plugins/Interchange/Runtime/Content/gltf/MaterialInstances_SG/MI_Translucent.uexp" 603
"../../../Engine/Plugins/Interchange/Runtime/Content/gltf/MaterialInstances_SG/MI_Opaque_TS.uasset" 604
"../../../Engine/Plugins/Interchange/Runtime/Content/gltf/MaterialInstances_SG/MI_Opaque_TS.uexp" 605
"../../../Engine/Plugins/Interchange/Runtime/Content/gltf/MaterialInstances_SG/MI_Opaque_Sheen_TS.uasset" 606
"../../../Engine/Plugins/Interchange/Runtime/Content/gltf/MaterialInstances_SG/MI_Opaque_Sheen_TS.uexp" 607
"../../../Engine/Plugins/Interchange/Runtime/Content/gltf/MaterialInstances_SG/MI_Opaque_Sheen.uasset" 608
"../../../Engine/Plugins/Interchange/Runtime/Content/gltf/MaterialInstances_SG/MI_Opaque_Sheen.uexp" 609
"../../../Engine/Plugins/Interchange/Runtime/Content/gltf/MaterialInstances_SG/MI_Opaque_ClearCoat_TS.uasset" 610
"../../../Engine/Plugins/Interchange/Runtime/Content/gltf/MaterialInstances_SG/MI_Opaque_ClearCoat_TS.uexp" 611
"../../../Engine/Plugins/Interchange/Runtime/Content/gltf/MaterialInstances_SG/MI_Opaque_ClearCoat.uasset" 612
"../../../Engine/Plugins/Interchange/Runtime/Content/gltf/MaterialInstances_SG/MI_Opaque_ClearCoat.uexp" 613
"../../../Engine/Plugins/Interchange/Runtime/Content/gltf/MaterialInstances_SG/MI_Opaque.uasset" 614
"../../../Engine/Plugins/Interchange/Runtime/Content/gltf/MaterialInstances_SG/MI_Opaque.uexp" 615
"../../../Engine/Plugins/Interchange/Runtime/Content/gltf/Textures/T_Gray_Linear.uasset" 616
"../../../Engine/Plugins/Interchange/Runtime/Content/gltf/Textures/T_Gray_Linear.uexp" 617
"../../../Engine/Plugins/Interchange/Runtime/Content/gltf/Textures/T_Black_srgb.uasset" 618
"../../../Engine/Plugins/Interchange/Runtime/Content/gltf/Textures/T_Black_srgb.uexp" 619
"../../../Engine/Plugins/Interchange/Runtime/Content/Materials/UnlitMaterial.uasset" 620
"../../../Engine/Plugins/Interchange/Runtime/Content/Materials/UnlitMaterial.uexp" 621
"../../../Engine/Content/EngineMaterials/DefaultNormal.ubulk" 622
"../../../Engine/Content/EngineMaterials/DefaultNormal.uasset" 623
"../../../Engine/Content/EngineMaterials/DefaultNormal.uexp" 624
"../../../Engine/Plugins/Interchange/Runtime/Content/Materials/MapOrScalarFunction.uasset" 625
"../../../Engine/Plugins/Interchange/Runtime/Content/Materials/MapOrScalarFunction.uexp" 626
"../../../Engine/Plugins/Interchange/Runtime/Content/Materials/MapOrLinearColorFunction.uasset" 627
"../../../Engine/Plugins/Interchange/Runtime/Content/Materials/MapOrLinearColorFunction.uexp" 628
"../../../Engine/Plugins/Interchange/Runtime/Content/Materials/MapOrColorFunction.uasset" 629
"../../../Engine/Plugins/Interchange/Runtime/Content/Materials/MapOrColorFunction.uexp" 630
"../../../Engine/Plugins/Interchange/Runtime/Content/Materials/CommonMaterial.uasset" 631
"../../../Engine/Plugins/Interchange/Runtime/Content/Materials/CommonMaterial.uexp" 632
"../../../Engine/Plugins/Interchange/Runtime/Content/Materials/PBRSurfaceFunction.uasset" 633
"../../../Engine/Plugins/Interchange/Runtime/Content/Materials/PBRSurfaceFunction.uexp" 634
"../../../Engine/Plugins/Interchange/Runtime/Content/Materials/ThinTranslucentMaterial.uasset" 635
"../../../Engine/Plugins/Interchange/Runtime/Content/Materials/ThinTranslucentMaterial.uexp" 636
"../../../Engine/Plugins/Interchange/Runtime/Content/Materials/SubsurfaceMaterial.uasset" 637
"../../../Engine/Plugins/Interchange/Runtime/Content/Materials/SubsurfaceMaterial.uexp" 638
"../../../Engine/Plugins/Interchange/Runtime/Content/Materials/SheenMaterial.uasset" 639
"../../../Engine/Plugins/Interchange/Runtime/Content/Materials/SheenMaterial.uexp" 640
"../../../Engine/Content/Functions/Engine_MaterialFunctions01/Shading/ConvertFromDiffSpec.uasset" 641
"../../../Engine/Content/Functions/Engine_MaterialFunctions01/Shading/ConvertFromDiffSpec.uexp" 642
"../../../Engine/Plugins/Interchange/Runtime/Content/Materials/PhongSurfaceMaterial.uasset" 643
"../../../Engine/Plugins/Interchange/Runtime/Content/Materials/PhongSurfaceMaterial.uexp" 644
"../../../Engine/Plugins/Interchange/Runtime/Content/Materials/PBRSurfaceMaterial.uasset" 645
"../../../Engine/Plugins/Interchange/Runtime/Content/Materials/PBRSurfaceMaterial.uexp" 646
"../../../Engine/Content/EngineMaterials/FlatNormal.uasset" 647
"../../../Engine/Content/EngineMaterials/FlatNormal.uexp" 648
"../../../Engine/Content/EditorLandscapeResources/WhiteSquareTexture.uasset" 649
"../../../Engine/Content/EditorLandscapeResources/WhiteSquareTexture.uexp" 650
"../../../Engine/Plugins/Interchange/Runtime/Content/Materials/OrenNayerMaterial.uasset" 651
"../../../Engine/Plugins/Interchange/Runtime/Content/Materials/OrenNayerMaterial.uexp" 652
"../../../Engine/Plugins/Interchange/Runtime/Content/Materials/LambertSurfaceMaterial.uasset" 653
"../../../Engine/Plugins/Interchange/Runtime/Content/Materials/LambertSurfaceMaterial.uexp" 654
"../../../Engine/Plugins/Interchange/Runtime/Content/Materials/ClearCoatMaterial.uasset" 655
"../../../Engine/Plugins/Interchange/Runtime/Content/Materials/ClearCoatMaterial.uexp" 656
"../../../Engine/Plugins/Interchange/Runtime/Content/Pipelines/DefaultTexturePipeline.uasset" 657
"../../../Engine/Plugins/Interchange/Runtime/Content/Pipelines/DefaultTexturePipeline.uexp" 658
"../../../Engine/Plugins/Interchange/Runtime/Content/Pipelines/DefaultSceneLevelPipeline.uasset" 659
"../../../Engine/Plugins/Interchange/Runtime/Content/Pipelines/DefaultSceneLevelPipeline.uexp" 660
"../../../Engine/Plugins/Interchange/Runtime/Content/Pipelines/DefaultSceneAssetsPipeline.uasset" 661
"../../../Engine/Plugins/Interchange/Runtime/Content/Pipelines/DefaultSceneAssetsPipeline.uexp" 662
"../../../Engine/Plugins/Interchange/Runtime/Content/Pipelines/DefaultMaterialPipeline.uasset" 663
"../../../Engine/Plugins/Interchange/Runtime/Content/Pipelines/DefaultMaterialPipeline.uexp" 664
"../../../Engine/Plugins/Interchange/Runtime/Content/Pipelines/DefaultAssetsPipeline.uasset" 665
"../../../Engine/Plugins/Interchange/Runtime/Content/Pipelines/DefaultAssetsPipeline.uexp" 666
"../../../Engine/Plugins/Runtime/MeshModelingToolset/Content/Materials/M_DynamicMeshComponentVtxColor.uasset" 667
"../../../Engine/Plugins/Runtime/MeshModelingToolset/Content/Materials/M_DynamicMeshComponentVtxColor.uexp" 668
"P:/Unreal Projects/WareHoseWreckage/WareHouseWreckage/Content/IndustryPropsPack6/Textures/T_Box01_N.ubulk" 669
"P:/Unreal Projects/WareHoseWreckage/WareHouseWreckage/Content/IndustryPropsPack6/Textures/T_Box01_N.uasset" 670
"P:/Unreal Projects/WareHoseWreckage/WareHouseWreckage/Content/IndustryPropsPack6/Textures/T_Box01_N.uexp" 671
"P:/Unreal Projects/WareHoseWreckage/WareHouseWreckage/Content/IndustryPropsPack6/Textures/T_Box01_D.ubulk" 672
"P:/Unreal Projects/WareHoseWreckage/WareHouseWreckage/Content/IndustryPropsPack6/Textures/T_Box01_D.uasset" 673
"P:/Unreal Projects/WareHoseWreckage/WareHouseWreckage/Content/IndustryPropsPack6/Textures/T_Box01_D.uexp" 674
"P:/Unreal Projects/WareHoseWreckage/WareHouseWreckage/Content/IndustryPropsPack6/Textures/T_Box01_SRM.ubulk" 675
"P:/Unreal Projects/WareHoseWreckage/WareHouseWreckage/Content/IndustryPropsPack6/Textures/T_Box01_SRM.uasset" 676
"P:/Unreal Projects/WareHoseWreckage/WareHouseWreckage/Content/IndustryPropsPack6/Textures/T_Box01_SRM.uexp" 677
"../../../Engine/Content/Functions/Engine_MaterialFunctions02/Utility/BlendAngleCorrectedNormals.uasset" 678
"../../../Engine/Content/Functions/Engine_MaterialFunctions02/Utility/BlendAngleCorrectedNormals.uexp" 679
"../../../Engine/Content/Functions/Engine_MaterialFunctions01/ImageAdjustment/BlurSampleOffsets.uasset" 680
"../../../Engine/Content/Functions/Engine_MaterialFunctions01/ImageAdjustment/BlurSampleOffsets.uexp" 681
"../../../Engine/Content/EngineDebugMaterials/HeatmapGradient.ubulk" 682
"../../../Engine/Content/EngineDebugMaterials/HeatmapGradient.uasset" 683
"../../../Engine/Content/EngineDebugMaterials/HeatmapGradient.uexp" 684
"../../../Engine/Content/Functions/Engine_MaterialFunctions01/ImageAdjustment/CheapContrast_RGB.uasset" 685
"../../../Engine/Content/Functions/Engine_MaterialFunctions01/ImageAdjustment/CheapContrast_RGB.uexp" 686
"P:/Unreal Projects/WareHoseWreckage/WareHouseWreckage/Content/IndustryPropsPack6/Textures/BaseTextures/T_MASK2.ubulk" 687
"P:/Unreal Projects/WareHoseWreckage/WareHouseWreckage/Content/IndustryPropsPack6/Textures/BaseTextures/T_MASK2.uasset" 688
"P:/Unreal Projects/WareHoseWreckage/WareHouseWreckage/Content/IndustryPropsPack6/Textures/BaseTextures/T_MASK2.uexp" 689
"P:/Unreal Projects/WareHoseWreckage/WareHouseWreckage/Content/IndustryPropsPack6/Textures/BaseTextures/BG_D.uasset" 690
"P:/Unreal Projects/WareHoseWreckage/WareHouseWreckage/Content/IndustryPropsPack6/Textures/BaseTextures/BG_D.uexp" 691
"P:/Unreal Projects/WareHoseWreckage/WareHouseWreckage/Content/IndustryPropsPack6/Textures/BaseTextures/B_N.uasset" 692
"P:/Unreal Projects/WareHoseWreckage/WareHouseWreckage/Content/IndustryPropsPack6/Textures/BaseTextures/B_N.uexp" 693
"../../../Engine/Content/EngineMaterials/Good64x64TilingNoiseHighFreq.uasset" 694
"../../../Engine/Content/EngineMaterials/Good64x64TilingNoiseHighFreq.uexp" 695
"../../../Engine/Content/Functions/Engine_MaterialFunctions02/Utility/DitherTemporalAA.uasset" 696
"../../../Engine/Content/Functions/Engine_MaterialFunctions02/Utility/DitherTemporalAA.uexp" 697
"P:/Unreal Projects/WareHoseWreckage/WareHouseWreckage/Content/IndustryPropsPack6/Textures/BaseTextures/T_MASK1.ubulk" 698
"P:/Unreal Projects/WareHoseWreckage/WareHouseWreckage/Content/IndustryPropsPack6/Textures/BaseTextures/T_MASK1.uasset" 699
"P:/Unreal Projects/WareHoseWreckage/WareHouseWreckage/Content/IndustryPropsPack6/Textures/BaseTextures/T_MASK1.uexp" 700
"P:/Unreal Projects/WareHoseWreckage/WareHouseWreckage/Content/IndustryPropsPack6/Textures/BaseTextures/BB_D.uasset" 701
"P:/Unreal Projects/WareHoseWreckage/WareHouseWreckage/Content/IndustryPropsPack6/Textures/BaseTextures/BB_D.uexp" 702
"../../../Engine/Content/Functions/Engine_MaterialFunctions02/HueShift.uasset" 703
"../../../Engine/Content/Functions/Engine_MaterialFunctions02/HueShift.uexp" 704
"P:/Unreal Projects/WareHoseWreckage/WareHouseWreckage/Content/IndustryPropsPack6/Materials/BaseMaterial/M_base.uasset" 705
"P:/Unreal Projects/WareHoseWreckage/WareHouseWreckage/Content/IndustryPropsPack6/Materials/BaseMaterial/M_base.uexp" 706
"P:/Unreal Projects/WareHoseWreckage/WareHouseWreckage/Content/IndustryPropsPack6/Materials/MI_Box01_2.uasset" 707
"P:/Unreal Projects/WareHoseWreckage/WareHouseWreckage/Content/IndustryPropsPack6/Materials/MI_Box01_2.uexp" 708
"P:/Unreal Projects/WareHoseWreckage/WareHouseWreckage/Content/IndustryPropsPack6/Meshes/SM_Pallet01.uasset" 709
"P:/Unreal Projects/WareHoseWreckage/WareHouseWreckage/Content/IndustryPropsPack6/Meshes/SM_Pallet01.uexp" 710
"P:/Unreal Projects/WareHoseWreckage/WareHouseWreckage/Content/IndustryPropsPack6/Textures/T_Cartonbox01_SRM.ubulk" 711
"P:/Unreal Projects/WareHoseWreckage/WareHouseWreckage/Content/IndustryPropsPack6/Textures/T_Cartonbox01_SRM.uasset" 712
"P:/Unreal Projects/WareHoseWreckage/WareHouseWreckage/Content/IndustryPropsPack6/Textures/T_Cartonbox01_SRM.uexp" 713
"P:/Unreal Projects/WareHoseWreckage/WareHouseWreckage/Content/IndustryPropsPack6/Textures/T_Cartonbox01_D.ubulk" 714
"P:/Unreal Projects/WareHoseWreckage/WareHouseWreckage/Content/IndustryPropsPack6/Textures/T_Cartonbox01_D.uasset" 715
"P:/Unreal Projects/WareHoseWreckage/WareHouseWreckage/Content/IndustryPropsPack6/Textures/T_Cartonbox01_D.uexp" 716
"P:/Unreal Projects/WareHoseWreckage/WareHouseWreckage/Content/IndustryPropsPack6/Textures/T_Cartonbox01_N.ubulk" 717
"P:/Unreal Projects/WareHoseWreckage/WareHouseWreckage/Content/IndustryPropsPack6/Textures/T_Cartonbox01_N.uasset" 718
"P:/Unreal Projects/WareHoseWreckage/WareHouseWreckage/Content/IndustryPropsPack6/Textures/T_Cartonbox01_N.uexp" 719
"P:/Unreal Projects/WareHoseWreckage/WareHouseWreckage/Content/IndustryPropsPack6/Materials/MI_Cartonbox01_1.uasset" 720
"P:/Unreal Projects/WareHoseWreckage/WareHouseWreckage/Content/IndustryPropsPack6/Materials/MI_Cartonbox01_1.uexp" 721
"P:/Unreal Projects/WareHoseWreckage/WareHouseWreckage/Content/IndustryPropsPack6/Meshes/SM_CartonGarbage09.uasset" 722
"P:/Unreal Projects/WareHoseWreckage/WareHouseWreckage/Content/IndustryPropsPack6/Meshes/SM_CartonGarbage09.uexp" 723
"P:/Unreal Projects/WareHoseWreckage/WareHouseWreckage/Content/WareHouse/Audio/Starter_Music01.ubulk" 724
"P:/Unreal Projects/WareHoseWreckage/WareHouseWreckage/Content/WareHouse/Audio/Starter_Music01.uasset" 725
"P:/Unreal Projects/WareHoseWreckage/WareHouseWreckage/Content/WareHouse/Audio/Starter_Music01.uexp" 726
"P:/Unreal Projects/WareHoseWreckage/WareHouseWreckage/Content/IndustryPropsPack6/Textures/T_Rack_SRM.ubulk" 727
"P:/Unreal Projects/WareHoseWreckage/WareHouseWreckage/Content/IndustryPropsPack6/Textures/T_Rack_SRM.uasset" 728
"P:/Unreal Projects/WareHoseWreckage/WareHouseWreckage/Content/IndustryPropsPack6/Textures/T_Rack_SRM.uexp" 729
"P:/Unreal Projects/WareHoseWreckage/WareHouseWreckage/Content/IndustryPropsPack6/Textures/T_Rack_N.ubulk" 730
"P:/Unreal Projects/WareHoseWreckage/WareHouseWreckage/Content/IndustryPropsPack6/Textures/T_Rack_N.uasset" 731
"P:/Unreal Projects/WareHoseWreckage/WareHouseWreckage/Content/IndustryPropsPack6/Textures/T_Rack_N.uexp" 732
"P:/Unreal Projects/WareHoseWreckage/WareHouseWreckage/Content/IndustryPropsPack6/Textures/T_Rack_D.ubulk" 733
"P:/Unreal Projects/WareHoseWreckage/WareHouseWreckage/Content/IndustryPropsPack6/Textures/T_Rack_D.uasset" 734
"P:/Unreal Projects/WareHoseWreckage/WareHouseWreckage/Content/IndustryPropsPack6/Textures/T_Rack_D.uexp" 735
"P:/Unreal Projects/WareHoseWreckage/WareHouseWreckage/Content/IndustryPropsPack6/Materials/MI_Rack01_1.uasset" 736
"P:/Unreal Projects/WareHoseWreckage/WareHouseWreckage/Content/IndustryPropsPack6/Materials/MI_Rack01_1.uexp" 737
"P:/Unreal Projects/WareHoseWreckage/WareHouseWreckage/Content/IndustryPropsPack6/Meshes/SM_Rack01.uasset" 738
"P:/Unreal Projects/WareHoseWreckage/WareHouseWreckage/Content/IndustryPropsPack6/Meshes/SM_Rack01.uexp" 739
"P:/Unreal Projects/WareHoseWreckage/WareHouseWreckage/Content/IndustryPropsPack6/Textures/T_Barrel01_D.ubulk" 740
"P:/Unreal Projects/WareHoseWreckage/WareHouseWreckage/Content/IndustryPropsPack6/Textures/T_Barrel01_D.uasset" 741
"P:/Unreal Projects/WareHoseWreckage/WareHouseWreckage/Content/IndustryPropsPack6/Textures/T_Barrel01_D.uexp" 742
"P:/Unreal Projects/WareHoseWreckage/WareHouseWreckage/Content/IndustryPropsPack6/Textures/T_Barrel01_SRM.ubulk" 743
"P:/Unreal Projects/WareHoseWreckage/WareHouseWreckage/Content/IndustryPropsPack6/Textures/T_Barrel01_SRM.uasset" 744
"P:/Unreal Projects/WareHoseWreckage/WareHouseWreckage/Content/IndustryPropsPack6/Textures/T_Barrel01_SRM.uexp" 745
"P:/Unreal Projects/WareHoseWreckage/WareHouseWreckage/Content/IndustryPropsPack6/Textures/T_Barrel01_N.ubulk" 746
"P:/Unreal Projects/WareHoseWreckage/WareHouseWreckage/Content/IndustryPropsPack6/Textures/T_Barrel01_N.uasset" 747
"P:/Unreal Projects/WareHoseWreckage/WareHouseWreckage/Content/IndustryPropsPack6/Textures/T_Barrel01_N.uexp" 748
"P:/Unreal Projects/WareHoseWreckage/WareHouseWreckage/Content/IndustryPropsPack6/Materials/MI_Barrel01_1.uasset" 749
"P:/Unreal Projects/WareHoseWreckage/WareHouseWreckage/Content/IndustryPropsPack6/Materials/MI_Barrel01_1.uexp" 750
"P:/Unreal Projects/WareHoseWreckage/WareHouseWreckage/Content/IndustryPropsPack6/Meshes/SM_Barrel01.uasset" 751
"P:/Unreal Projects/WareHoseWreckage/WareHouseWreckage/Content/IndustryPropsPack6/Meshes/SM_Barrel01.uexp" 752
"P:/Unreal Projects/WareHoseWreckage/WareHouseWreckage/Content/WareHouse/BluePrints/BP_Barrel.uasset" 753
"P:/Unreal Projects/WareHoseWreckage/WareHouseWreckage/Content/WareHouse/BluePrints/BP_Barrel.uexp" 754
"P:/Unreal Projects/WareHoseWreckage/WareHouseWreckage/Content/IndustryPropsPack6/Textures/T_WaterTank01_SRM.ubulk" 755
"P:/Unreal Projects/WareHoseWreckage/WareHouseWreckage/Content/IndustryPropsPack6/Textures/T_WaterTank01_SRM.uasset" 756
"P:/Unreal Projects/WareHoseWreckage/WareHouseWreckage/Content/IndustryPropsPack6/Textures/T_WaterTank01_SRM.uexp" 757
"P:/Unreal Projects/WareHoseWreckage/WareHouseWreckage/Content/IndustryPropsPack6/Textures/T_WaterTank01_D.ubulk" 758
"P:/Unreal Projects/WareHoseWreckage/WareHouseWreckage/Content/IndustryPropsPack6/Textures/T_WaterTank01_D.uasset" 759
"P:/Unreal Projects/WareHoseWreckage/WareHouseWreckage/Content/IndustryPropsPack6/Textures/T_WaterTank01_D.uexp" 760
"P:/Unreal Projects/WareHoseWreckage/WareHouseWreckage/Content/IndustryPropsPack6/Textures/T_WaterTank01_N.ubulk" 761
"P:/Unreal Projects/WareHoseWreckage/WareHouseWreckage/Content/IndustryPropsPack6/Textures/T_WaterTank01_N.uasset" 762
"P:/Unreal Projects/WareHoseWreckage/WareHouseWreckage/Content/IndustryPropsPack6/Textures/T_WaterTank01_N.uexp" 763
"P:/Unreal Projects/WareHoseWreckage/WareHouseWreckage/Content/IndustryPropsPack6/Materials/MI_WaterTank01.uasset" 764
"P:/Unreal Projects/WareHoseWreckage/WareHouseWreckage/Content/IndustryPropsPack6/Materials/MI_WaterTank01.uexp" 765
"P:/Unreal Projects/WareHoseWreckage/WareHouseWreckage/Content/IndustryPropsPack6/Meshes/SM_WaterTank01.uasset" 766
"P:/Unreal Projects/WareHoseWreckage/WareHouseWreckage/Content/IndustryPropsPack6/Meshes/SM_WaterTank01.uexp" 767
"P:/Unreal Projects/WareHoseWreckage/WareHouseWreckage/Content/WareHouse/Map/MainMap_BuiltData.ubulk" 768
"P:/Unreal Projects/WareHoseWreckage/WareHouseWreckage/Content/WareHouse/Map/MainMap_BuiltData.uasset" 769
"P:/Unreal Projects/WareHoseWreckage/WareHouseWreckage/Content/WareHouse/Map/MainMap_BuiltData.uexp" 770
"../../../Engine/Content/BasicShapes/Sphere.uasset" 771
"../../../Engine/Content/BasicShapes/Sphere.uexp" 772
"P:/Unreal Projects/WareHoseWreckage/WareHouseWreckage/Content/IndustryPropsPack6/Textures/T_Hose_SRM.ubulk" 773
"P:/Unreal Projects/WareHoseWreckage/WareHouseWreckage/Content/IndustryPropsPack6/Textures/T_Hose_SRM.uasset" 774
"P:/Unreal Projects/WareHoseWreckage/WareHouseWreckage/Content/IndustryPropsPack6/Textures/T_Hose_SRM.uexp" 775
"P:/Unreal Projects/WareHoseWreckage/WareHouseWreckage/Content/IndustryPropsPack6/Textures/T_Hose_D.ubulk" 776
"P:/Unreal Projects/WareHoseWreckage/WareHouseWreckage/Content/IndustryPropsPack6/Textures/T_Hose_D.uasset" 777
"P:/Unreal Projects/WareHoseWreckage/WareHouseWreckage/Content/IndustryPropsPack6/Textures/T_Hose_D.uexp" 778
"P:/Unreal Projects/WareHoseWreckage/WareHouseWreckage/Content/IndustryPropsPack6/Textures/T_Hose_N.ubulk" 779
"P:/Unreal Projects/WareHoseWreckage/WareHouseWreckage/Content/IndustryPropsPack6/Textures/T_Hose_N.uasset" 780
"P:/Unreal Projects/WareHoseWreckage/WareHouseWreckage/Content/IndustryPropsPack6/Textures/T_Hose_N.uexp" 781
"P:/Unreal Projects/WareHoseWreckage/WareHouseWreckage/Content/IndustryPropsPack6/Materials/MI_Hose01_2.uasset" 782
"P:/Unreal Projects/WareHoseWreckage/WareHouseWreckage/Content/IndustryPropsPack6/Materials/MI_Hose01_2.uexp" 783
"P:/Unreal Projects/WareHoseWreckage/WareHouseWreckage/Content/WareHouse/BluePrints/BP_Projectile.uasset" 784
"P:/Unreal Projects/WareHoseWreckage/WareHouseWreckage/Content/WareHouse/BluePrints/BP_Projectile.uexp" 785
"P:/Unreal Projects/WareHoseWreckage/WareHouseWreckage/Content/WareHouse/Materials/M_Basic_Floor.uasset" 786
"P:/Unreal Projects/WareHoseWreckage/WareHouseWreckage/Content/WareHouse/Materials/M_Basic_Floor.uexp" 787
"P:/Unreal Projects/WareHoseWreckage/WareHouseWreckage/Content/IndustryPropsPack6/Meshes/SM_Rack02.uasset" 788
"P:/Unreal Projects/WareHoseWreckage/WareHouseWreckage/Content/IndustryPropsPack6/Meshes/SM_Rack02.uexp" 789
"P:/Unreal Projects/WareHoseWreckage/WareHouseWreckage/Content/IndustryPropsPack6/Textures/T_TrafficBarrel01_N.ubulk" 790
"P:/Unreal Projects/WareHoseWreckage/WareHouseWreckage/Content/IndustryPropsPack6/Textures/T_TrafficBarrel01_N.uasset" 791
"P:/Unreal Projects/WareHoseWreckage/WareHouseWreckage/Content/IndustryPropsPack6/Textures/T_TrafficBarrel01_N.uexp" 792
"P:/Unreal Projects/WareHoseWreckage/WareHouseWreckage/Content/IndustryPropsPack6/Textures/T_TrafficBarrel01_SRM.ubulk" 793
"P:/Unreal Projects/WareHoseWreckage/WareHouseWreckage/Content/IndustryPropsPack6/Textures/T_TrafficBarrel01_SRM.uasset" 794
"P:/Unreal Projects/WareHoseWreckage/WareHouseWreckage/Content/IndustryPropsPack6/Textures/T_TrafficBarrel01_SRM.uexp" 795
"P:/Unreal Projects/WareHoseWreckage/WareHouseWreckage/Content/IndustryPropsPack6/Textures/T_TrafficBarrel01_D.ubulk" 796
"P:/Unreal Projects/WareHoseWreckage/WareHouseWreckage/Content/IndustryPropsPack6/Textures/T_TrafficBarrel01_D.uasset" 797
"P:/Unreal Projects/WareHoseWreckage/WareHouseWreckage/Content/IndustryPropsPack6/Textures/T_TrafficBarrel01_D.uexp" 798
"P:/Unreal Projects/WareHoseWreckage/WareHouseWreckage/Content/IndustryPropsPack6/Materials/MI_TrafficBarrel01_1.uasset" 799
"P:/Unreal Projects/WareHoseWreckage/WareHouseWreckage/Content/IndustryPropsPack6/Materials/MI_TrafficBarrel01_1.uexp" 800
"P:/Unreal Projects/WareHoseWreckage/WareHouseWreckage/Content/IndustryPropsPack6/Meshes/SM_TrafficBarrel01.uasset" 801
"P:/Unreal Projects/WareHoseWreckage/WareHouseWreckage/Content/IndustryPropsPack6/Meshes/SM_TrafficBarrel01.uexp" 802
"P:/Unreal Projects/WareHoseWreckage/WareHouseWreckage/Content/WareHouse/Materials/M_AssetPlatform.uasset" 803
"P:/Unreal Projects/WareHoseWreckage/WareHouseWreckage/Content/WareHouse/Materials/M_AssetPlatform.uexp" 804
"P:/Unreal Projects/WareHoseWreckage/WareHouseWreckage/Content/WareHouse/Map/MainMap.uexp" 805
"P:/Unreal Projects/WareHoseWreckage/WareHouseWreckage/Content/WareHouse/Map/MainMap.umap" 806
"../../../Engine/Content/Maps/Entry_BuiltData.uasset" 807
"../../../Engine/Content/Maps/Entry_BuiltData.uexp" 808
"../../../Engine/Content/Maps/Entry.uexp" 809
"../../../Engine/Content/Maps/Entry.umap" 810
